Name                                                            Stmts   Miss Branch BrPart  Cover   Missing
-----------------------------------------------------------------------------------------------------------
src/provide/__init__.py                                             3      3      0      0  0.00%   1-5
src/provide/foundation/__init__.py                                 37     37      8      0  0.00%   1-176
src/provide/foundation/_version.py                                 25     25      8      0  0.00%   1-60
src/provide/foundation/archive/__init__.py                          9      9      0      0  0.00%   1-16
src/provide/foundation/archive/base.py                              7      7      0      0  0.00%   1-15
src/provide/foundation/archive/bzip2.py                            55     55      2      0  0.00%   1-160
src/provide/foundation/archive/gzip.py                             55     55      2      0  0.00%   1-163
src/provide/foundation/archive/operations.py                      157    157     46      0  0.00%   1-348
src/provide/foundation/archive/tar.py                              81     81     24      0  0.00%   1-182
src/provide/foundation/archive/zip.py                              73     73     14      0  0.00%   1-209
src/provide/foundation/cli/__init__.py                              3      3      0      0  0.00%   1-19
src/provide/foundation/cli/commands/deps.py                        44     44     16      0  0.00%   1-84
src/provide/foundation/cli/commands/logs/__init__.py               28     28      8      0  0.00%   1-73
src/provide/foundation/cli/commands/logs/generate.py              152    152     34      0  0.00%   1-402
src/provide/foundation/cli/commands/logs/query.py                  68     68     26      0  0.00%   1-226
src/provide/foundation/cli/commands/logs/send.py                   70     70     24      0  0.00%   1-219
src/provide/foundation/cli/commands/logs/tail.py                   14     14      0      0  0.00%   1-123
src/provide/foundation/cli/decorators.py                           65     65      6      0  0.00%   1-262
src/provide/foundation/cli/main.py                                 32     32      8      0  0.00%   3-68
src/provide/foundation/cli/utils.py                                60     60     24      0  0.00%   3-202
src/provide/foundation/concurrency/__init__.py                      4      4      0      0  0.00%   1-16
src/provide/foundation/concurrency/core.py                         22     22      8      0  0.00%   1-126
src/provide/foundation/config/__init__.py                          14     14      0      0  0.00%   1-82
src/provide/foundation/config/base.py                             104    104     58      0  0.00%   3-259
src/provide/foundation/config/converters.py                         5      5      0      0  0.00%   1-39
src/provide/foundation/config/defaults.py                          58     58      0      0  0.00%   1-139
src/provide/foundation/config/env.py                              152    152     64      0  0.00%   1-348
src/provide/foundation/config/errors.py                            32     32      8      0  0.00%   1-147
src/provide/foundation/config/loader.py                           137    137     52      0  0.00%   1-311
src/provide/foundation/config/manager.py                          138    138     58      0  0.00%   1-372
src/provide/foundation/config/parsers/__init__.py                   7      7      0      0  0.00%   1-40
src/provide/foundation/config/parsers/base.py                      21     21      6      0  0.00%   1-75
src/provide/foundation/config/parsers/primitives.py                58     58     24      0  0.00%   1-251
src/provide/foundation/config/parsers/structured.py                73     73     34      0  0.00%   1-218
src/provide/foundation/config/parsers/telemetry.py                 25     25      8      0  0.00%   1-104
src/provide/foundation/config/schema.py                           114    114     36      0  0.00%   3-270
src/provide/foundation/config/sync.py                              77     77     12      0  0.00%   1-295
src/provide/foundation/config/types.py                             43     43     14      0  0.00%   3-76
src/provide/foundation/config/validators.py                        48     48     22      0  0.00%   1-160
src/provide/foundation/console/__init__.py                          5      5      0      0  0.00%   1-18
src/provide/foundation/console/input.py                           172    172     68      0  0.00%   1-358
src/provide/foundation/console/output.py                           81     81     36      0  0.00%   1-195
src/provide/foundation/context/__init__.py                          5      5      0      0  0.00%   1-14
src/provide/foundation/context/core.py                            134    134     80      0  0.00%   1-294
src/provide/foundation/crypto/__init__.py                          50     50      2      0  0.00%   1-140
src/provide/foundation/crypto/algorithms.py                        24     24      6      0  0.00%   1-116
src/provide/foundation/crypto/certificates/__init__.py              7      7      0      0  0.00%   1-25
src/provide/foundation/crypto/certificates/base.py                 96     96     10      0  0.00%   1-174
src/provide/foundation/crypto/certificates/certificate.py         140    140     22      0  0.00%   1-347
src/provide/foundation/crypto/certificates/factory.py              56     56      6      0  0.00%   1-253
src/provide/foundation/crypto/certificates/generator.py            55     55     10      0  0.00%   1-142
src/provide/foundation/crypto/certificates/loader.py               64     64     14      0  0.00%   1-142
src/provide/foundation/crypto/certificates/operations.py           66     66     10      0  0.00%   1-195
src/provide/foundation/crypto/certificates/trust.py                34     34      2      0  0.00%   1-96
src/provide/foundation/crypto/checksums.py                         92     92     36      0  0.00%   1-318
src/provide/foundation/crypto/constants.py                         31     31      2      0  0.00%   1-62
src/provide/foundation/crypto/hashing.py                           76     76     22      0  0.00%   1-273
src/provide/foundation/crypto/keys.py                              55     55     16      0  0.00%   1-185
src/provide/foundation/crypto/signatures.py                        49     49      2      0  0.00%   1-143
src/provide/foundation/crypto/utils.py                             44     44     12      0  0.00%   1-174
src/provide/foundation/docs/__init__.py                             2      2      0      0  0.00%   3-8
src/provide/foundation/docs/generator.py                           99     99     26      0  0.00%   3-276
src/provide/foundation/env/__init__.py                              4      4      0      0  0.00%   1-21
src/provide/foundation/env/core.py                                 49     49     18      0  0.00%   1-220
src/provide/foundation/env/types.py                                 9      9      0      0  0.00%   1-21
src/provide/foundation/errors/__init__.py                          16     16      0      0  0.00%   1-58
src/provide/foundation/errors/auth.py                              24     24     10      0  0.00%   1-77
src/provide/foundation/errors/base.py                              28     28      8      0  0.00%   1-86
src/provide/foundation/errors/config.py                            31     31     12      0  0.00%   1-108
src/provide/foundation/errors/context.py                           99     99     44      0  0.00%   1-309
src/provide/foundation/errors/decorators.py                        99     99     26      0  0.00%   1-281
src/provide/foundation/errors/handlers.py                         119    119     48      0  0.00%   1-368
src/provide/foundation/errors/integration.py                       33     33     14      0  0.00%   1-110
src/provide/foundation/errors/platform.py                          13     13      4      0  0.00%   1-40
src/provide/foundation/errors/process.py                           42     42     16      0  0.00%   1-132
src/provide/foundation/errors/resources.py                         40     40     16      0  0.00%   1-139
src/provide/foundation/errors/runtime.py                           52     52     22      0  0.00%   1-162
src/provide/foundation/errors/safe_decorators.py                   44     44     10      0  0.00%   1-126
src/provide/foundation/errors/types.py                             69     69      8      0  0.00%   1-185
src/provide/foundation/eventsets/display.py                        48     48     22      0  0.00%   1-79
src/provide/foundation/eventsets/registry.py                       61     61      8      0  0.00%   1-187
src/provide/foundation/eventsets/resolver.py                       84     84     54      0  0.00%   1-188
src/provide/foundation/eventsets/types.py                          27     27      0      0  0.00%   1-70
src/provide/foundation/file/__init__.py                            10     10      0      0  0.00%   1-49
src/provide/foundation/file/atomic.py                              55     55     12      0  0.00%   1-156
src/provide/foundation/file/directory.py                           33     33     10      0  0.00%   1-94
src/provide/foundation/file/formats.py                             97     97     12      0  0.00%   1-235
src/provide/foundation/file/lock.py                                77     77     16      0  0.00%   1-175
src/provide/foundation/file/safe.py                                77     77     16      0  0.00%   1-197
src/provide/foundation/file/temp.py                                44     44      8      0  0.00%   1-158
src/provide/foundation/file/utils.py                               68     68     12      0  0.00%   1-168
src/provide/foundation/hub/__init__.py                             18     18      4      0  0.00%   31-81
src/provide/foundation/hub/click_builder.py                       111    111     58      0  0.00%   1-305
src/provide/foundation/hub/commands.py                             18     18      8      0  0.00%   6-37
src/provide/foundation/hub/components.py                           82     82     10      0  0.00%   1-181
src/provide/foundation/hub/config.py                               70     70     22      0  0.00%   1-145
src/provide/foundation/hub/core.py                                117    117     36      0  0.00%   1-393
src/provide/foundation/hub/decorators.py                           63     63     18      0  0.00%   1-244
src/provide/foundation/hub/discovery.py                            48     48     14      0  0.00%   1-121
src/provide/foundation/hub/foundation.py                           82     82     24      0  0.00%   1-225
src/provide/foundation/hub/handlers.py                             35     35      8      0  0.00%   1-75
src/provide/foundation/hub/info.py                                 25     25      0      0  0.00%   3-40
src/provide/foundation/hub/lifecycle.py                            90     90     34      0  0.00%   1-187
src/provide/foundation/hub/manager.py                              57     57     16      0  0.00%   1-185
src/provide/foundation/hub/processors.py                           17     17      0      0  0.00%   1-43
src/provide/foundation/hub/registry.py                            119    119     54      0  0.00%   1-271
src/provide/foundation/hub/type_mapping.py                         18     18      8      0  0.00%   3-53
src/provide/foundation/hub/types.py                                 7      7      0      0  0.00%   1-15
src/provide/foundation/integrations/__init__.py                     3      3      0      0  0.00%   1-9
src/provide/foundation/integrations/openobserve/__init__.py        10     10      0      0  0.00%   1-47
src/provide/foundation/integrations/openobserve/auth.py             4      4      0      0  0.00%   1-7
src/provide/foundation/integrations/openobserve/client.py          88     88     28      0  0.00%   1-304
src/provide/foundation/integrations/openobserve/commands.py        17     17      2      0  0.00%   1-385
src/provide/foundation/integrations/openobserve/config.py          11     11      0      0  0.00%   1-35
src/provide/foundation/integrations/openobserve/exceptions.py       9      9      0      0  0.00%   1-28
src/provide/foundation/integrations/openobserve/formatters.py     149    149     86      0  0.00%   1-298
src/provide/foundation/integrations/openobserve/models.py          66     66     16      0  0.00%   1-135
src/provide/foundation/integrations/openobserve/otlp.py           127    127     38      0  0.00%   1-311
src/provide/foundation/integrations/openobserve/search.py          71     71     16      0  0.00%   1-270
src/provide/foundation/integrations/openobserve/streaming.py       87     87     30      0  0.00%   1-237
src/provide/foundation/logger/__init__.py                           6      6      0      0  0.00%   1-22
src/provide/foundation/logger/base.py                               5      5      0      0  0.00%   1-14
src/provide/foundation/logger/config/__init__.py                    4      4      0      0  0.00%   9-14
src/provide/foundation/logger/config/base.py                       18     18      0      0  0.00%   1-40
src/provide/foundation/logger/config/logging.py                    29     29      0      0  0.00%   1-160
src/provide/foundation/logger/config/telemetry.py                  29     29      0      0  0.00%   1-124
src/provide/foundation/logger/constants.py                         14     14      0      0  0.00%   9-51
src/provide/foundation/logger/core.py                             155    155     38      0  0.00%   1-324
src/provide/foundation/logger/custom_processors.py                 69     69     30      0  0.00%   1-170
src/provide/foundation/logger/factories.py                         18     18      2      0  0.00%   1-50
src/provide/foundation/logger/levels.py                            18     18      2      0  0.00%   7-103
src/provide/foundation/logger/processors/__init__.py                5      5      0      0  0.00%   1-11
src/provide/foundation/logger/processors/main.py                   74     74     20      0  0.00%   1-196
src/provide/foundation/logger/processors/trace.py                  52     52     22      0  0.00%   1-122
src/provide/foundation/logger/ratelimit/__init__.py                 6      6      0      0  0.00%   1-24
src/provide/foundation/logger/ratelimit/limiters.py               133    133     46      0  0.00%   1-285
src/provide/foundation/logger/ratelimit/processor.py               55     55     12      0  0.00%   1-201
src/provide/foundation/logger/ratelimit/queue_limiter.py          130    130     48      0  0.00%   1-291
src/provide/foundation/logger/setup/__init__.py                     3      3      0      0  0.00%   10-17
src/provide/foundation/logger/setup/coordinator.py                 74     74      8      0  0.00%   1-201
src/provide/foundation/logger/setup/processors.py                  17     17      0      0  0.00%   1-73
src/provide/foundation/logger/trace.py                              9      9      0      0  0.00%   1-42
src/provide/foundation/logger/types.py                              9      9      0      0  0.00%   1-25
src/provide/foundation/metrics/__init__.py                         43     43      6      0  0.00%   1-119
src/provide/foundation/metrics/otel.py                             78     78     20      0  0.00%   1-155
src/provide/foundation/metrics/simple.py                           83     83     18      0  0.00%   1-170
src/provide/foundation/observability/__init__.py                   23     23      2      0  0.00%   1-64
src/provide/foundation/platform/__init__.py                         5      5      0      0  0.00%   1-27
src/provide/foundation/platform/detection.py                       91     91     44      0  0.00%   1-190
src/provide/foundation/platform/info.py                            78     78      4      0  0.00%   1-162
src/provide/foundation/process/__init__.py                          8      8      0      0  0.00%   1-31
src/provide/foundation/process/async_runner.py                    143    143     48      0  0.00%   1-424
src/provide/foundation/process/exit.py                             16     16      4      0  0.00%   1-47
src/provide/foundation/process/lifecycle.py                       202    202     68      0  0.00%   1-466
src/provide/foundation/process/runner.py                          142    142     60      0  0.00%   1-414
src/provide/foundation/resilience/__init__.py                       7      7      0      0  0.00%   1-23
src/provide/foundation/resilience/circuit.py                       85     85     20      0  0.00%   1-166
src/provide/foundation/resilience/decorators.py                    81     81     28      0  0.00%   1-223
src/provide/foundation/resilience/fallback.py                      78     78     16      0  0.00%   1-203
src/provide/foundation/resilience/retry.py                        123    123     52      0  0.00%   1-326
src/provide/foundation/resilience/types.py                         13     13      0      0  0.00%   1-25
src/provide/foundation/serialization/__init__.py                    4      4      0      0  0.00%   1-14
src/provide/foundation/serialization/core.py                       17     17      2      0  0.00%   1-70
src/provide/foundation/setup/__init__.py                           16     16      0      0  0.00%   1-50
src/provide/foundation/streams/__init__.py                          6      6      0      0  0.00%   1-30
src/provide/foundation/streams/config.py                           24     24      6      0  0.00%   1-79
src/provide/foundation/streams/console.py                          26     26      4      0  0.00%   1-57
src/provide/foundation/streams/core.py                             28     28      6      0  0.00%   1-60
src/provide/foundation/streams/file.py                             49     49     16      0  0.00%   1-110
src/provide/foundation/testmode/__init__.py                         5      5      0      0  0.00%   1-25
src/provide/foundation/testmode/detection.py                       42     42     28      0  0.00%   1-115
src/provide/foundation/testmode/internal.py                        40     40      0      0  0.00%   1-114
src/provide/foundation/time/__init__.py                             4      4      0      0  0.00%   1-15
src/provide/foundation/time/core.py                                16     16      4      0  0.00%   1-62
src/provide/foundation/tools/__init__.py                           10     10      0      0  0.00%   1-45
src/provide/foundation/tools/base.py                              136    136     40      0  0.00%   7-338
src/provide/foundation/tools/cache.py                             113    113     32      0  0.00%   1-246
src/provide/foundation/tools/downloader.py                         81     81     16      0  0.00%   1-210
src/provide/foundation/tools/installer.py                         128    128     56      0  0.00%   1-280
src/provide/foundation/tools/registry.py                           67     67     14      0  0.00%   1-215
src/provide/foundation/tools/resolver.py                          119    119     56      0  0.00%   1-310
src/provide/foundation/tools/verifier.py                           67     67     18      0  0.00%   1-179
src/provide/foundation/tracer/__init__.py                          20     20      0      0  0.00%   1-55
src/provide/foundation/tracer/context.py                           41     41      8      0  0.00%   1-106
src/provide/foundation/tracer/otel.py                              77     77     22      0  0.00%   1-170
src/provide/foundation/tracer/spans.py                             91     91     16      0  0.00%   1-153
src/provide/foundation/transport/__init__.py                       11     11      0      0  0.00%   1-107
src/provide/foundation/transport/base.py                           89     89     12      0  0.00%   1-162
src/provide/foundation/transport/client.py                        104    104     16      0  0.00%   1-248
src/provide/foundation/transport/config.py                         31     31      0      0  0.00%   1-134
src/provide/foundation/transport/errors.py                         21     21      0      0  0.00%   1-50
src/provide/foundation/transport/http.py                          100    100     24      0  0.00%   1-227
src/provide/foundation/transport/middleware.py                    139    139     36      0  0.00%   1-350
src/provide/foundation/transport/registry.py                       47     47     20      0  0.00%   1-161
src/provide/foundation/transport/types.py                          25     25      0      0  0.00%   1-39
src/provide/foundation/types/attrs.py                              24     24     10      0  0.00%   7-86
src/provide/foundation/utils/__init__.py                           10     10      0      0  0.00%   1-56
src/provide/foundation/utils/deps.py                               77     77     18      0  0.00%   1-195
src/provide/foundation/utils/env/__init__.py                        6      6      0      0  0.00%   1-23
src/provide/foundation/utils/env/getters.py                        92     92     40      0  0.00%   1-280
src/provide/foundation/utils/env/parsers.py                        31     31     14      0  0.00%   1-110
src/provide/foundation/utils/env/prefix.py                         42     42      4      0  0.00%   1-119
src/provide/foundation/utils/formatting.py                         65     65     34      0  0.00%   1-187
src/provide/foundation/utils/parsing.py                           120    120     72      0  0.00%   1-308
src/provide/foundation/utils/rate_limiting.py                      37     37      6      0  0.00%   1-108
src/provide/foundation/utils/streams.py                            23     23      6      0  0.00%   1-67
src/provide/foundation/utils/text_utils.py                        101    101     44      0  0.00%   1-330
src/provide/foundation/utils/timing.py                             38     38      6      0  0.00%   1-92
-----------------------------------------------------------------------------------------------------------
TOTAL                                                           11369  11369   3316      0  0.00%

3 files skipped due to complete coverage.
